<?xml version="1.0" encoding="UTF-8"?>
<testng-results ignored="0" total="1" passed="1" failed="0" skipped="0">
  <reporter-output>
  </reporter-output>
  <suite started-at="2018-10-01T00:33:51Z" name="Default suite" finished-at="2018-10-01T00:33:51Z" duration-ms="56">
    <groups>
    </groups>
    <test started-at="2018-10-01T00:33:51Z" name="Default test" finished-at="2018-10-01T00:33:51Z" duration-ms="56">
      <class name="corejava.plain1">
        <test-method signature="f()[pri:0, instance:corejava.plain1@3059cbc]" started-at="2018-10-01T00:33:51Z" name="f" finished-at="2018-10-01T00:33:51Z" duration-ms="32" status="PASS">
          <reporter-output>
          </reporter-output>
        </test-method> <!-- f -->
      </class> <!-- corejava.plain1 -->
    </test> <!-- Default test -->
  </suite> <!-- Default suite -->
</testng-results>
