<?xml version="1.0" encoding="UTF-8"?>
<testng-results ignored="0" total="1" passed="1" failed="0" skipped="0">
  <reporter-output>
  </reporter-output>
  <suite started-at="2018-12-04T05:19:13Z" name="Default suite" finished-at="2018-12-04T05:19:51Z" duration-ms="37887">
    <groups>
    </groups>
    <test started-at="2018-12-04T05:19:13Z" name="Default test" finished-at="2018-12-04T05:19:51Z" duration-ms="37887">
      <class name="printlinks">
        <test-method is-config="true" signature="beforeTest()[pri:0, instance:printlinks@63a12c68]" started-at="2018-12-04T05:19:13Z" name="beforeTest" finished-at="2018-12-04T05:19:50Z" duration-ms="37023" status="PASS">
          <reporter-output>
          </reporter-output>
        </test-method> <!-- beforeTest -->
        <test-method signature="f()[pri:0, instance:printlinks@63a12c68]" started-at="2018-12-04T05:19:50Z" name="f" finished-at="2018-12-04T05:19:51Z" duration-ms="689" status="PASS">
          <reporter-output>
          </reporter-output>
        </test-method> <!-- f -->
      </class> <!-- printlinks -->
    </test> <!-- Default test -->
  </suite> <!-- Default suite -->
</testng-results>
